Build started 2016/2/16 16:51:03.
     1>Project "C:\Users\Administrator\Documents\Visual Studio 2012\Projects\CopyrightDetection\CopyrightDetection\CopyrightDetection.vcxproj" on node 2 (Build target(s)).
     1>ClCompile:
         E:\VisualStudio2012Express\VC\bin\CL.exe /c /ZI /nologo /W3 /WX- /Od /Oy- /D WIN32 /D _DEBUG /D _CONSOLE /D _UNICODE /D UNICODE /Gm /EHsc /RTC1 /MDd /GS /fp:precise /Zc:wchar_t /Zc:forScope /Fo"Debug\\" /Fd"Debug\vc110.pdb" /Gd /TP /analyze- /errorReport:prompt VideoClipDetection.cpp
         VideoClipDetection.cpp
     1>c:\users\administrator\documents\visual studio 2012\projects\copyrightdetection\copyrightdetection\plot.h(266): warning C4244: 'argument' : conversion from 'double' to 'int', possible loss of data
     1>c:\users\administrator\documents\visual studio 2012\projects\copyrightdetection\copyrightdetection\videoclipdetection.cpp(98): warning C4018: '<' : signed/unsigned mismatch
     1>c:\users\administrator\documents\visual studio 2012\projects\copyrightdetection\copyrightdetection\videoclipdetection.cpp(100): warning C4018: '>' : signed/unsigned mismatch
     1>c:\users\administrator\documents\visual studio 2012\projects\copyrightdetection\copyrightdetection\videoclipdetection.cpp(191): warning C4018: '<' : signed/unsigned mismatch
     1>c:\users\administrator\documents\visual studio 2012\projects\copyrightdetection\copyrightdetection\videoclipdetection.cpp(528): warning C4018: '<' : signed/unsigned mismatch
     1>c:\users\administrator\documents\visual studio 2012\projects\copyrightdetection\copyrightdetection\videoclipdetection.cpp(663): warning C4244: 'initializing' : conversion from 'double' to 'int', possible loss of data
     1>c:\users\administrator\documents\visual studio 2012\projects\copyrightdetection\copyrightdetection\videoclipdetection.cpp(664): warning C4244: 'initializing' : conversion from 'double' to 'int', possible loss of data
     1>c:\users\administrator\documents\visual studio 2012\projects\copyrightdetection\copyrightdetection\videoclipdetection.cpp(675): warning C4101: 'best_frame_index' : unreferenced local variable
     1>c:\users\administrator\documents\visual studio 2012\projects\copyrightdetection\copyrightdetection\videoclipdetection.cpp(969): warning C4244: 'initializing' : conversion from 'double' to 'int', possible loss of data
     1>c:\users\administrator\documents\visual studio 2012\projects\copyrightdetection\copyrightdetection\videoclipdetection.cpp(1105): warning C4244: 'initializing' : conversion from 'double' to 'int', possible loss of data
     1>c:\users\administrator\documents\visual studio 2012\projects\copyrightdetection\copyrightdetection\videoclipdetection.cpp(1109): warning C4244: 'initializing' : conversion from 'double' to 'int', possible loss of data
     1>c:\users\administrator\documents\visual studio 2012\projects\copyrightdetection\copyrightdetection\videoclipdetection.cpp(1381): warning C4996: 'std::basic_string<_Elem,_Traits,_Alloc>::copy': Function call with parameters that may be unsafe - this call relies on the caller to check that the passed values are correct. To disable this warning, use -D_SCL_SECURE_NO_WARNINGS. See documentation on how to use Visual C++ 'Checked Iterators'
                 with
                 [
                     _Elem=char,
                     _Traits=std::char_traits<char>,
                     _Alloc=std::allocator<char>
                 ]
                 e:\visualstudio2012express\vc\include\xstring(1777) : see declaration of 'std::basic_string<_Elem,_Traits,_Alloc>::copy'
                 with
                 [
                     _Elem=char,
                     _Traits=std::char_traits<char>,
                     _Alloc=std::allocator<char>
                 ]
     1>c:\users\administrator\documents\visual studio 2012\projects\copyrightdetection\copyrightdetection\videoclipdetection.cpp(1634): warning C4996: 'strncpy': This function or variable may be unsafe. Consider using strncpy_s instead. To disable deprecation, use _CRT_SECURE_NO_WARNINGS. See online help for details.
                 e:\visualstudio2012express\vc\include\string.h(191) : see declaration of 'strncpy'
     1>c:\users\administrator\documents\visual studio 2012\projects\copyrightdetection\copyrightdetection\videoclipdetection.cpp(1635): warning C4996: 'strncpy': This function or variable may be unsafe. Consider using strncpy_s instead. To disable deprecation, use _CRT_SECURE_NO_WARNINGS. See online help for details.
                 e:\visualstudio2012express\vc\include\string.h(191) : see declaration of 'strncpy'
     1>c:\users\administrator\documents\visual studio 2012\projects\copyrightdetection\copyrightdetection\videoclipdetection.cpp(1640): warning C4996: 'strncpy': This function or variable may be unsafe. Consider using strncpy_s instead. To disable deprecation, use _CRT_SECURE_NO_WARNINGS. See online help for details.
                 e:\visualstudio2012express\vc\include\string.h(191) : see declaration of 'strncpy'
     1>c:\users\administrator\documents\visual studio 2012\projects\copyrightdetection\copyrightdetection\videoclipdetection.cpp(1643): warning C4996: 'strncpy': This function or variable may be unsafe. Consider using strncpy_s instead. To disable deprecation, use _CRT_SECURE_NO_WARNINGS. See online help for details.
                 e:\visualstudio2012express\vc\include\string.h(191) : see declaration of 'strncpy'
       Link:
         E:\VisualStudio2012Express\VC\bin\link.exe /ERRORREPORT:PROMPT /OUT:"C:\Users\Administrator\Documents\Visual Studio 2012\Projects\CopyrightDetection\Debug\CopyrightDetection.exe" /INCREMENTAL /NOLOGO opencv_calib3d2411d.lib opencv_contrib2411d.lib opencv_core2411d.lib opencv_features2d2411d.lib opencv_flann2411d.lib opencv_gpu2411d.lib opencv_highgui2411d.lib opencv_imgproc2411d.lib opencv_legacy2411d.lib opencv_ml2411d.lib opencv_nonfree2411d.lib opencv_objdetect2411d.lib opencv_ocl2411d.lib opencv_photo2411d.lib opencv_stitching2411d.lib opencv_superres2411d.lib opencv_ts2411d.lib opencv_video2411d.lib opencv_videostab2411d.lib kernel32.lib user32.lib gdi32.lib winspool.lib comdlg32.lib advapi32.lib shell32.lib ole32.lib oleaut32.lib uuid.lib odbc32.lib odbccp32.lib /MANIFEST /MANIFESTUAC:"level='asInvoker' uiAccess='false'" /manifest:embed /DEBUG /PDB:"C:\Users\Administrator\Documents\Visual Studio 2012\Projects\CopyrightDetection\Debug\CopyrightDetection.pdb" /SUBSYSTEM:CONSOLE /TLBID:1 /DYNAMICBASE /NXCOMPAT /IMPLIB:"C:\Users\Administrator\Documents\Visual Studio 2012\Projects\CopyrightDetection\Debug\CopyrightDetection.lib" /MACHINE:X86 Debug\cvplot.obj
         Debug\stdafx.obj
         Debug\VideoClipDetection.obj
         CopyrightDetection.vcxproj -> C:\Users\Administrator\Documents\Visual Studio 2012\Projects\CopyrightDetection\Debug\CopyrightDetection.exe
     1>Done Building Project "C:\Users\Administrator\Documents\Visual Studio 2012\Projects\CopyrightDetection\CopyrightDetection\CopyrightDetection.vcxproj" (Build target(s)).

Build succeeded.

Time Elapsed 00:00:04.54
