C:\USERS\ADMINISTRATOR\DOCUMENTS\VISUAL STUDIO 2012\PROJECTS\COPYRIGHTDETECTION\COPYRIGHTDETECTION\DEBUG\CVPLOT.OBJ
C:\USERS\ADMINISTRATOR\DOCUMENTS\VISUAL STUDIO 2012\PROJECTS\COPYRIGHTDETECTION\COPYRIGHTDETECTION\DEBUG\STDAFX.OBJ
C:\USERS\ADMINISTRATOR\DOCUMENTS\VISUAL STUDIO 2012\PROJECTS\COPYRIGHTDETECTION\COPYRIGHTDETECTION\DEBUG\VIDEOCLIPDETECTION.OBJ
C:\USERS\ADMINISTRATOR\DOCUMENTS\VISUAL STUDIO 2012\PROJECTS\COPYRIGHTDETECTION\COPYRIGHTDETECTION\DEBUG\VC110.PDB
C:\USERS\ADMINISTRATOR\DOCUMENTS\VISUAL STUDIO 2012\PROJECTS\COPYRIGHTDETECTION\DEBUG\COPYRIGHTDETECTION.ILK
C:\USERS\ADMINISTRATOR\DOCUMENTS\VISUAL STUDIO 2012\PROJECTS\COPYRIGHTDETECTION\DEBUG\COPYRIGHTDETECTION.EXE
C:\USERS\ADMINISTRATOR\DOCUMENTS\VISUAL STUDIO 2012\PROJECTS\COPYRIGHTDETECTION\DEBUG\COPYRIGHTDETECTION.PDB
C:\Users\Administrator\Documents\Visual Studio 2012\Projects\CopyrightDetection\CopyrightDetection\Debug\cvplot.obj
C:\Users\Administrator\Documents\Visual Studio 2012\Projects\CopyrightDetection\CopyrightDetection\Debug\stdafx.obj
C:\Users\Administrator\Documents\Visual Studio 2012\Projects\CopyrightDetection\CopyrightDetection\Debug\VideoClipDetection.obj
C:\Users\Administrator\Documents\Visual Studio 2012\Projects\CopyrightDetection\CopyrightDetection\Debug\cl.command.1.tlog
C:\Users\Administrator\Documents\Visual Studio 2012\Projects\CopyrightDetection\CopyrightDetection\Debug\CL.read.1.tlog
C:\Users\Administrator\Documents\Visual Studio 2012\Projects\CopyrightDetection\CopyrightDetection\Debug\CL.write.1.tlog
C:\Users\Administrator\Documents\Visual Studio 2012\Projects\CopyrightDetection\CopyrightDetection\Debug\link-cvtres.read.1.tlog
C:\Users\Administrator\Documents\Visual Studio 2012\Projects\CopyrightDetection\CopyrightDetection\Debug\link-cvtres.write.1.tlog
C:\Users\Administrator\Documents\Visual Studio 2012\Projects\CopyrightDetection\CopyrightDetection\Debug\link-rc.read.1.tlog
C:\Users\Administrator\Documents\Visual Studio 2012\Projects\CopyrightDetection\CopyrightDetection\Debug\link-rc.write.1.tlog
C:\Users\Administrator\Documents\Visual Studio 2012\Projects\CopyrightDetection\CopyrightDetection\Debug\link.10940-cvtres.read.1.tlog
C:\Users\Administrator\Documents\Visual Studio 2012\Projects\CopyrightDetection\CopyrightDetection\Debug\link.10940-cvtres.write.1.tlog
C:\Users\Administrator\Documents\Visual Studio 2012\Projects\CopyrightDetection\CopyrightDetection\Debug\link.10940-rc.read.1.tlog
C:\Users\Administrator\Documents\Visual Studio 2012\Projects\CopyrightDetection\CopyrightDetection\Debug\link.10940-rc.write.1.tlog
C:\Users\Administrator\Documents\Visual Studio 2012\Projects\CopyrightDetection\CopyrightDetection\Debug\link.10940.read.1.tlog
C:\Users\Administrator\Documents\Visual Studio 2012\Projects\CopyrightDetection\CopyrightDetection\Debug\link.10940.write.1.tlog
C:\Users\Administrator\Documents\Visual Studio 2012\Projects\CopyrightDetection\CopyrightDetection\Debug\link.14768-cvtres.read.1.tlog
C:\Users\Administrator\Documents\Visual Studio 2012\Projects\CopyrightDetection\CopyrightDetection\Debug\link.14768-cvtres.write.1.tlog
C:\Users\Administrator\Documents\Visual Studio 2012\Projects\CopyrightDetection\CopyrightDetection\Debug\link.14768-rc.read.1.tlog
C:\Users\Administrator\Documents\Visual Studio 2012\Projects\CopyrightDetection\CopyrightDetection\Debug\link.14768-rc.write.1.tlog
C:\Users\Administrator\Documents\Visual Studio 2012\Projects\CopyrightDetection\CopyrightDetection\Debug\link.14768.read.1.tlog
C:\Users\Administrator\Documents\Visual Studio 2012\Projects\CopyrightDetection\CopyrightDetection\Debug\link.14768.write.1.tlog
C:\Users\Administrator\Documents\Visual Studio 2012\Projects\CopyrightDetection\CopyrightDetection\Debug\link.3776-cvtres.read.1.tlog
C:\Users\Administrator\Documents\Visual Studio 2012\Projects\CopyrightDetection\CopyrightDetection\Debug\link.3776-cvtres.write.1.tlog
C:\Users\Administrator\Documents\Visual Studio 2012\Projects\CopyrightDetection\CopyrightDetection\Debug\link.3776-rc.read.1.tlog
C:\Users\Administrator\Documents\Visual Studio 2012\Projects\CopyrightDetection\CopyrightDetection\Debug\link.3776-rc.write.1.tlog
C:\Users\Administrator\Documents\Visual Studio 2012\Projects\CopyrightDetection\CopyrightDetection\Debug\link.3776.read.1.tlog
C:\Users\Administrator\Documents\Visual Studio 2012\Projects\CopyrightDetection\CopyrightDetection\Debug\link.3776.write.1.tlog
C:\Users\Administrator\Documents\Visual Studio 2012\Projects\CopyrightDetection\CopyrightDetection\Debug\link.6776-cvtres.read.1.tlog
C:\Users\Administrator\Documents\Visual Studio 2012\Projects\CopyrightDetection\CopyrightDetection\Debug\link.6776-cvtres.write.1.tlog
C:\Users\Administrator\Documents\Visual Studio 2012\Projects\CopyrightDetection\CopyrightDetection\Debug\link.6776-rc.read.1.tlog
C:\Users\Administrator\Documents\Visual Studio 2012\Projects\CopyrightDetection\CopyrightDetection\Debug\link.6776-rc.write.1.tlog
C:\Users\Administrator\Documents\Visual Studio 2012\Projects\CopyrightDetection\CopyrightDetection\Debug\link.6776.read.1.tlog
C:\Users\Administrator\Documents\Visual Studio 2012\Projects\CopyrightDetection\CopyrightDetection\Debug\link.6776.write.1.tlog
C:\Users\Administrator\Documents\Visual Studio 2012\Projects\CopyrightDetection\CopyrightDetection\Debug\link.9564-cvtres.read.1.tlog
C:\Users\Administrator\Documents\Visual Studio 2012\Projects\CopyrightDetection\CopyrightDetection\Debug\link.9564-cvtres.write.1.tlog
C:\Users\Administrator\Documents\Visual Studio 2012\Projects\CopyrightDetection\CopyrightDetection\Debug\link.9564-rc.read.1.tlog
C:\Users\Administrator\Documents\Visual Studio 2012\Projects\CopyrightDetection\CopyrightDetection\Debug\link.9564-rc.write.1.tlog
C:\Users\Administrator\Documents\Visual Studio 2012\Projects\CopyrightDetection\CopyrightDetection\Debug\link.9564.read.1.tlog
C:\Users\Administrator\Documents\Visual Studio 2012\Projects\CopyrightDetection\CopyrightDetection\Debug\link.9564.write.1.tlog
C:\Users\Administrator\Documents\Visual Studio 2012\Projects\CopyrightDetection\CopyrightDetection\Debug\link.command.1.tlog
C:\Users\Administrator\Documents\Visual Studio 2012\Projects\CopyrightDetection\CopyrightDetection\Debug\link.read.1.tlog
C:\Users\Administrator\Documents\Visual Studio 2012\Projects\CopyrightDetection\CopyrightDetection\Debug\link.write.1.tlog
C:\Users\Administrator\Documents\Visual Studio 2012\Projects\CopyrightDetection\CopyrightDetection\Debug\vc110.idb
C:\Users\Administrator\Documents\Visual Studio 2012\Projects\CopyrightDetection\CopyrightDetection\Debug\vc110.pdb
C:\Users\Administrator\Documents\Visual Studio 2012\Projects\CopyrightDetection\Debug\CopyrightDetection.pdb
C:\Users\Administrator\Documents\Visual Studio 2012\Projects\CopyrightDetection\Debug\CopyrightDetection.exe
C:\Users\Administrator\Documents\Visual Studio 2012\Projects\CopyrightDetection\Debug\CopyrightDetection.ilk
