C:\USERS\ADMINISTRATOR\DOCUMENTS\VISUAL STUDIO 2012\PROJECTS\COPYRIGHTDETECTION\COPYRIGHTDETECTION\RELEASE\VIDEOCLIPDETECTION.OBJ
C:\USERS\ADMINISTRATOR\DOCUMENTS\VISUAL STUDIO 2012\PROJECTS\COPYRIGHTDETECTION\COPYRIGHTDETECTION\RELEASE\STDAFX.OBJ
C:\USERS\ADMINISTRATOR\DOCUMENTS\VISUAL STUDIO 2012\PROJECTS\COPYRIGHTDETECTION\COPYRIGHTDETECTION\RELEASE\CVPLOT.OBJ
C:\USERS\ADMINISTRATOR\DOCUMENTS\VISUAL STUDIO 2012\PROJECTS\COPYRIGHTDETECTION\COPYRIGHTDETECTION\RELEASE\VC110.PDB
C:\USERS\ADMINISTRATOR\DOCUMENTS\VISUAL STUDIO 2012\PROJECTS\COPYRIGHTDETECTION\RELEASE\COPYRIGHTDETECTION.EXE
C:\USERS\ADMINISTRATOR\DOCUMENTS\VISUAL STUDIO 2012\PROJECTS\COPYRIGHTDETECTION\RELEASE\COPYRIGHTDETECTION.PDB
C:\Users\Administrator\Documents\Visual Studio 2012\Projects\CopyrightDetection\CopyrightDetection\Release\cvplot.obj
C:\Users\Administrator\Documents\Visual Studio 2012\Projects\CopyrightDetection\CopyrightDetection\Release\stdafx.obj
C:\Users\Administrator\Documents\Visual Studio 2012\Projects\CopyrightDetection\CopyrightDetection\Release\VideoClipDetection.obj
C:\Users\Administrator\Documents\Visual Studio 2012\Projects\CopyrightDetection\CopyrightDetection\Release\cl.command.1.tlog
C:\Users\Administrator\Documents\Visual Studio 2012\Projects\CopyrightDetection\CopyrightDetection\Release\CL.read.1.tlog
C:\Users\Administrator\Documents\Visual Studio 2012\Projects\CopyrightDetection\CopyrightDetection\Release\CL.write.1.tlog
C:\Users\Administrator\Documents\Visual Studio 2012\Projects\CopyrightDetection\CopyrightDetection\Release\link-cvtres.read.1.tlog
C:\Users\Administrator\Documents\Visual Studio 2012\Projects\CopyrightDetection\CopyrightDetection\Release\link-cvtres.write.1.tlog
C:\Users\Administrator\Documents\Visual Studio 2012\Projects\CopyrightDetection\CopyrightDetection\Release\link-rc.read.1.tlog
C:\Users\Administrator\Documents\Visual Studio 2012\Projects\CopyrightDetection\CopyrightDetection\Release\link-rc.write.1.tlog
C:\Users\Administrator\Documents\Visual Studio 2012\Projects\CopyrightDetection\CopyrightDetection\Release\link.command.1.tlog
C:\Users\Administrator\Documents\Visual Studio 2012\Projects\CopyrightDetection\CopyrightDetection\Release\link.read.1.tlog
C:\Users\Administrator\Documents\Visual Studio 2012\Projects\CopyrightDetection\CopyrightDetection\Release\link.write.1.tlog
C:\Users\Administrator\Documents\Visual Studio 2012\Projects\CopyrightDetection\CopyrightDetection\Release\vc110.pdb
C:\Users\Administrator\Documents\Visual Studio 2012\Projects\CopyrightDetection\Release\CopyrightDetection.pdb
C:\Users\Administrator\Documents\Visual Studio 2012\Projects\CopyrightDetection\Release\CopyrightDetection.exe
