Build started 2016/2/16 16:38:29.
     1>Project "C:\Users\Administrator\Documents\Visual Studio 2012\Projects\CopyrightDetection\CopyrightDetection\CopyrightDetection.vcxproj" on node 2 (Build target(s)).
     1>ClCompile:
         E:\VisualStudio2012Express\VC\bin\CL.exe /c /Zi /nologo /W3 /WX- /O2 /Oi /Oy- /GL /D WIN32 /D NDEBUG /D _CONSOLE /D _UNICODE /D UNICODE /Gm- /EHsc /MD /GS /Gy /fp:precise /Zc:wchar_t /Zc:forScope /openmp /Fo"Release\\" /Fd"Release\vc110.pdb" /Gd /TP /analyze- /errorReport:prompt VideoClipDetection.cpp
         VideoClipDetection.cpp
     1>c:\users\administrator\documents\visual studio 2012\projects\copyrightdetection\copyrightdetection\plot.h(266): warning C4244: 'argument' : conversion from 'double' to 'int', possible loss of data
     1>VideoClipDetection.cpp(98): warning C4018: '<' : signed/unsigned mismatch
     1>VideoClipDetection.cpp(100): warning C4018: '>' : signed/unsigned mismatch
     1>VideoClipDetection.cpp(191): warning C4018: '<' : signed/unsigned mismatch
     1>VideoClipDetection.cpp(528): warning C4018: '<' : signed/unsigned mismatch
     1>VideoClipDetection.cpp(663): warning C4244: 'initializing' : conversion from 'double' to 'int', possible loss of data
     1>VideoClipDetection.cpp(664): warning C4244: 'initializing' : conversion from 'double' to 'int', possible loss of data
     1>VideoClipDetection.cpp(675): warning C4101: 'best_frame_index' : unreferenced local variable
     1>VideoClipDetection.cpp(969): warning C4244: 'initializing' : conversion from 'double' to 'int', possible loss of data
     1>VideoClipDetection.cpp(1105): warning C4244: 'initializing' : conversion from 'double' to 'int', possible loss of data
     1>VideoClipDetection.cpp(1109): warning C4244: 'initializing' : conversion from 'double' to 'int', possible loss of data
     1>VideoClipDetection.cpp(1634): warning C4996: 'strncpy': This function or variable may be unsafe. Consider using strncpy_s instead. To disable deprecation, use _CRT_SECURE_NO_WARNINGS. See online help for details.
                 E:\VisualStudio2012Express\VC\include\string.h(191) : see declaration of 'strncpy'
     1>VideoClipDetection.cpp(1635): warning C4996: 'strncpy': This function or variable may be unsafe. Consider using strncpy_s instead. To disable deprecation, use _CRT_SECURE_NO_WARNINGS. See online help for details.
                 E:\VisualStudio2012Express\VC\include\string.h(191) : see declaration of 'strncpy'
     1>VideoClipDetection.cpp(1640): warning C4996: 'strncpy': This function or variable may be unsafe. Consider using strncpy_s instead. To disable deprecation, use _CRT_SECURE_NO_WARNINGS. See online help for details.
                 E:\VisualStudio2012Express\VC\include\string.h(191) : see declaration of 'strncpy'
     1>VideoClipDetection.cpp(1643): warning C4996: 'strncpy': This function or variable may be unsafe. Consider using strncpy_s instead. To disable deprecation, use _CRT_SECURE_NO_WARNINGS. See online help for details.
                 E:\VisualStudio2012Express\VC\include\string.h(191) : see declaration of 'strncpy'
       Link:
         E:\VisualStudio2012Express\VC\bin\link.exe /ERRORREPORT:PROMPT /OUT:"C:\Users\Administrator\Documents\Visual Studio 2012\Projects\CopyrightDetection\Release\CopyrightDetection.exe" /INCREMENTAL:NO /NOLOGO opencv_calib3d2411.lib opencv_contrib2411.lib opencv_core2411.lib opencv_features2d2411.lib opencv_flann2411.lib opencv_gpu2411.lib opencv_highgui2411.lib opencv_imgproc2411.lib opencv_legacy2411.lib opencv_ml2411.lib opencv_nonfree2411.lib opencv_objdetect2411.lib opencv_ocl2411.lib opencv_photo2411.lib opencv_stitching2411.lib opencv_superres2411.lib opencv_ts2411.lib opencv_video2411.lib opencv_videostab2411.lib kernel32.lib user32.lib gdi32.lib winspool.lib comdlg32.lib advapi32.lib shell32.lib ole32.lib oleaut32.lib uuid.lib odbc32.lib odbccp32.lib /MANIFEST /MANIFESTUAC:"level='asInvoker' uiAccess='false'" /manifest:embed /DEBUG /PDB:"C:\Users\Administrator\Documents\Visual Studio 2012\Projects\CopyrightDetection\Release\CopyrightDetection.pdb" /SUBSYSTEM:CONSOLE /OPT:REF /OPT:ICF /LTCG /TLBID:1 /DYNAMICBASE /NXCOMPAT /IMPLIB:"C:\Users\Administrator\Documents\Visual Studio 2012\Projects\CopyrightDetection\Release\CopyrightDetection.lib" /MACHINE:X86 /SAFESEH Release\cvplot.obj
         Release\stdafx.obj
         Release\VideoClipDetection.obj
         Generating code
         Finished generating code
         CopyrightDetection.vcxproj -> C:\Users\Administrator\Documents\Visual Studio 2012\Projects\CopyrightDetection\Release\CopyrightDetection.exe
     1>Done Building Project "C:\Users\Administrator\Documents\Visual Studio 2012\Projects\CopyrightDetection\CopyrightDetection\CopyrightDetection.vcxproj" (Build target(s)).

Build succeeded.

Time Elapsed 00:00:04.14
